
===========================================================================
report_checks -unconstrained
============================================================================
Startpoint: _7630_ (rising edge-triggered flip-flop clocked by wbbd_sck)
Endpoint: _7967_ (recovery check against rising-edge clock sck)
Path Group: **async_default**
Path Type: max

Fanout     Cap    Slew   Delay    Time   Description
-----------------------------------------------------------------------------
                         60.00   60.00   clock wbbd_sck (rise edge)
                          0.00   60.00   clock source latency
                  0.00    0.00   60.00 ^ wb_clk_i (in)
     1    0.13                           wb_clk_i (net)
                  0.03    0.01   60.01 ^ clkbuf_0_wb_clk_i/I (gf180mcu_fd_sc_mcu7t5v0__clkbuf_16)
                  0.43    0.42   60.43 ^ clkbuf_0_wb_clk_i/Z (gf180mcu_fd_sc_mcu7t5v0__clkbuf_16)
     8    0.41                           clknet_0_wb_clk_i (net)
                  0.45    0.04   60.47 ^ clkbuf_3_5__f_wb_clk_i/I (gf180mcu_fd_sc_mcu7t5v0__clkbuf_16)
                  0.19    0.36   60.84 ^ clkbuf_3_5__f_wb_clk_i/Z (gf180mcu_fd_sc_mcu7t5v0__clkbuf_16)
    15    0.13                           clknet_3_5__leaf_wb_clk_i (net)
                  0.19    0.01   60.85 ^ _7958_/CLK (gf180mcu_fd_sc_mcu7t5v0__dffrnq_1)
                  0.52    1.12   61.97 ^ _7958_/Q (gf180mcu_fd_sc_mcu7t5v0__dffrnq_1)
     1    0.03                           wbbd_sck (net)
                  0.52    0.00   61.97 ^ clkbuf_0_wbbd_sck/I (gf180mcu_fd_sc_mcu7t5v0__clkbuf_16)
                  0.13    0.33   62.30 ^ clkbuf_0_wbbd_sck/Z (gf180mcu_fd_sc_mcu7t5v0__clkbuf_16)
     2    0.05                           clknet_0_wbbd_sck (net)
                  0.13    0.00   62.30 ^ clkbuf_1_1__f_wbbd_sck/I (gf180mcu_fd_sc_mcu7t5v0__clkbuf_16)
                  0.07    0.22   62.51 ^ clkbuf_1_1__f_wbbd_sck/Z (gf180mcu_fd_sc_mcu7t5v0__clkbuf_16)
     1    0.00                           clknet_1_1__leaf_wbbd_sck (net)
                  0.07    0.00   62.51 ^ net299_2/I (gf180mcu_fd_sc_mcu7t5v0__clkinv_1)
                  0.21    0.16   62.67 v net299_2/ZN (gf180mcu_fd_sc_mcu7t5v0__clkinv_1)
     1    0.01                           net363 (net)
                  0.21    0.00   62.67 v _4416_/A2 (gf180mcu_fd_sc_mcu7t5v0__oai22_1)
                  3.03    1.68   64.35 ^ _4416_/ZN (gf180mcu_fd_sc_mcu7t5v0__oai22_1)
     1    0.09                           csclk (net)
                  3.03    0.01   64.36 ^ clkbuf_0_csclk/I (gf180mcu_fd_sc_mcu7t5v0__clkbuf_16)
                  0.49    0.75   65.11 ^ clkbuf_0_csclk/Z (gf180mcu_fd_sc_mcu7t5v0__clkbuf_16)
     8    0.42                           clknet_0_csclk (net)
                  0.49    0.02   65.13 ^ clkbuf_3_5__f_csclk/I (gf180mcu_fd_sc_mcu7t5v0__clkbuf_16)
                  0.31    0.45   65.58 ^ clkbuf_3_5__f_csclk/Z (gf180mcu_fd_sc_mcu7t5v0__clkbuf_16)
     9    0.26                           clknet_3_5__leaf_csclk (net)
                  0.31    0.01   65.59 ^ clkbuf_leaf_38_csclk/I (gf180mcu_fd_sc_mcu7t5v0__clkbuf_16)
                  0.11    0.29   65.88 ^ clkbuf_leaf_38_csclk/Z (gf180mcu_fd_sc_mcu7t5v0__clkbuf_16)
     5    0.05                           clknet_leaf_38_csclk (net)
                  0.11    0.00   65.88 ^ _7630_/CLK (gf180mcu_fd_sc_mcu7t5v0__dffsnq_2)
                  1.08    1.29   67.16 ^ _7630_/Q (gf180mcu_fd_sc_mcu7t5v0__dffsnq_2)
     6    0.13                           gpio_configure[3][2] (net)
                  1.08    0.01   67.18 ^ _4334_/A1 (gf180mcu_fd_sc_mcu7t5v0__and2_4)
                  2.12    1.49   68.66 ^ _4334_/Z (gf180mcu_fd_sc_mcu7t5v0__and2_4)
    49    0.52                           _1317_ (net)
                  2.13    0.08   68.74 ^ _7320_/A2 (gf180mcu_fd_sc_mcu7t5v0__and2_1)
                  1.41    1.09   69.82 ^ _7320_/Z (gf180mcu_fd_sc_mcu7t5v0__and2_1)
     1    0.08                           _0050_ (net)
                  1.41    0.01   69.83 ^ _7967_/RN (gf180mcu_fd_sc_mcu7t5v0__dffrnq_1)
                                 69.83   data arrival time

                        120.00  120.00   clock sck (rise edge)
                          0.00  120.00   clock source latency
                  0.00    0.00  120.00 ^ mgmt_gpio_in[4] (in)
     1    0.07                           mgmt_gpio_in[4] (net)
                  0.00    0.00  120.00 ^ clkbuf_0_mgmt_gpio_in[4]/I (gf180mcu_fd_sc_mcu7t5v0__clkbuf_16)
                  0.15    0.25  120.25 ^ clkbuf_0_mgmt_gpio_in[4]/Z (gf180mcu_fd_sc_mcu7t5v0__clkbuf_16)
     4    0.09                           clknet_0_mgmt_gpio_in[4] (net)
                  0.15    0.00  120.25 ^ clkbuf_2_3__f_mgmt_gpio_in[4]/I (gf180mcu_fd_sc_mcu7t5v0__clkbuf_16)
                  0.11    0.25  120.50 ^ clkbuf_2_3__f_mgmt_gpio_in[4]/Z (gf180mcu_fd_sc_mcu7t5v0__clkbuf_16)
    11    0.04                           clknet_2_3__leaf_mgmt_gpio_in[4] (net)
                  0.11    0.00  120.50 ^ _7967_/CLK (gf180mcu_fd_sc_mcu7t5v0__dffrnq_1)
                         -0.10  120.40   clock uncertainty
                          0.00  120.40   clock reconvergence pessimism
                         -0.09  120.31   library recovery time
                                120.31   data required time
-----------------------------------------------------------------------------
                                120.31   data required time
                                -69.83   data arrival time
-----------------------------------------------------------------------------
                                 50.48   slack (MET)


Startpoint: _7340_ (rising edge-triggered flip-flop clocked by sck)
Endpoint: _7551_ (falling edge-triggered flip-flop clocked by sck)
Path Group: sck
Path Type: max

Fanout     Cap    Slew   Delay    Time   Description
-----------------------------------------------------------------------------
                          0.00    0.00   clock sck (rise edge)
                          0.00    0.00   clock source latency
                  0.00    0.00    0.00 ^ mgmt_gpio_in[4] (in)
     1    0.07                           mgmt_gpio_in[4] (net)
                  0.00    0.00    0.00 ^ clkbuf_0_mgmt_gpio_in[4]/I (gf180mcu_fd_sc_mcu7t5v0__clkbuf_16)
                  0.15    0.25    0.25 ^ clkbuf_0_mgmt_gpio_in[4]/Z (gf180mcu_fd_sc_mcu7t5v0__clkbuf_16)
     4    0.09                           clknet_0_mgmt_gpio_in[4] (net)
                  0.15    0.00    0.25 ^ clkbuf_2_3__f_mgmt_gpio_in[4]/I (gf180mcu_fd_sc_mcu7t5v0__clkbuf_16)
                  0.11    0.25    0.50 ^ clkbuf_2_3__f_mgmt_gpio_in[4]/Z (gf180mcu_fd_sc_mcu7t5v0__clkbuf_16)
    11    0.04                           clknet_2_3__leaf_mgmt_gpio_in[4] (net)
                  0.11    0.00    0.50 ^ _7340_/CLK (gf180mcu_fd_sc_mcu7t5v0__dffrnq_1)
                  0.45    0.93    1.44 v _7340_/Q (gf180mcu_fd_sc_mcu7t5v0__dffrnq_1)
     5    0.04                           hkspi.addr[4] (net)
                  0.45    0.00    1.44 v hold147/I (gf180mcu_fd_sc_mcu7t5v0__dlyd_4)
                  0.41    3.04    4.48 v hold147/Z (gf180mcu_fd_sc_mcu7t5v0__dlyd_4)
     2    0.02                           net510 (net)
                  0.41    0.00    4.48 v _3803_/I1 (gf180mcu_fd_sc_mcu7t5v0__mux2_2)
                  0.27    0.55    5.03 v _3803_/Z (gf180mcu_fd_sc_mcu7t5v0__mux2_2)
     2    0.04                           _0812_ (net)
                  0.27    0.00    5.03 v _3805_/I1 (gf180mcu_fd_sc_mcu7t5v0__mux2_2)
                  0.14    0.39    5.42 v _3805_/Z (gf180mcu_fd_sc_mcu7t5v0__mux2_2)
     1    0.01                           _0814_ (net)
                  0.14    0.00    5.42 v hold37/I (gf180mcu_fd_sc_mcu7t5v0__dlyd_4)
                  0.62    3.14    8.57 v hold37/Z (gf180mcu_fd_sc_mcu7t5v0__dlyd_4)
     3    0.09                           net400 (net)
                  0.62    0.01    8.57 v _3814_/A2 (gf180mcu_fd_sc_mcu7t5v0__nand4_4)
                  1.18    0.80    9.37 ^ _3814_/ZN (gf180mcu_fd_sc_mcu7t5v0__nand4_4)
     4    0.15                           _0823_ (net)
                  1.18    0.00    9.37 ^ hold609/I (gf180mcu_fd_sc_mcu7t5v0__dlyd_4)
                  1.34    3.26   12.63 ^ hold609/Z (gf180mcu_fd_sc_mcu7t5v0__dlyd_4)
    16    0.32                           net972 (net)
                  1.34    0.04   12.67 ^ _3834_/A1 (gf180mcu_fd_sc_mcu7t5v0__nor2_4)
                  1.14    0.90   13.57 v _3834_/ZN (gf180mcu_fd_sc_mcu7t5v0__nor2_4)
    10    0.29                           _0843_ (net)
                  1.14    0.01   13.59 v _4048_/A2 (gf180mcu_fd_sc_mcu7t5v0__aoi222_1)
                  2.63    1.76   15.35 ^ _4048_/ZN (gf180mcu_fd_sc_mcu7t5v0__aoi222_1)
     1    0.04                           _1051_ (net)
                  2.63    0.00   15.35 ^ _4049_/A2 (gf180mcu_fd_sc_mcu7t5v0__nand2_1)
                  0.70    0.24   15.59 v _4049_/ZN (gf180mcu_fd_sc_mcu7t5v0__nand2_1)
     1    0.02                           _1052_ (net)
                  0.70    0.00   15.59 v _4058_/A2 (gf180mcu_fd_sc_mcu7t5v0__nor4_2)
                  1.68    1.07   16.66 ^ _4058_/ZN (gf180mcu_fd_sc_mcu7t5v0__nor4_2)
     1    0.05                           _1061_ (net)
                  1.68    0.00   16.67 ^ _4069_/A1 (gf180mcu_fd_sc_mcu7t5v0__nand2_2)
                  1.03    0.76   17.42 v _4069_/ZN (gf180mcu_fd_sc_mcu7t5v0__nand2_2)
     5    0.10                           _1072_ (net)
                  1.03    0.01   17.43 v _4070_/A2 (gf180mcu_fd_sc_mcu7t5v0__nor2_1)
                  0.47    0.41   17.84 ^ _4070_/ZN (gf180mcu_fd_sc_mcu7t5v0__nor2_1)
     1    0.01                           _1073_ (net)
                  0.47    0.00   17.84 ^ _4073_/A2 (gf180mcu_fd_sc_mcu7t5v0__oai31_1)
                  0.32    0.18   18.03 v _4073_/ZN (gf180mcu_fd_sc_mcu7t5v0__oai31_1)
     1    0.00                           _0262_ (net)
                  0.32    0.00   18.03 v hold941/I (gf180mcu_fd_sc_mcu7t5v0__dlyd_4)
                  0.38    2.96   20.99 v hold941/Z (gf180mcu_fd_sc_mcu7t5v0__dlyd_4)
     1    0.01                           net1304 (net)
                  0.38    0.00   20.99 v _7551_/D (gf180mcu_fd_sc_mcu7t5v0__dffnrnq_1)
                                 20.99   data arrival time

                         60.00   60.00   clock sck (fall edge)
                          0.00   60.00   clock source latency
                  0.00    0.00   60.00 v mgmt_gpio_in[4] (in)
     1    0.07                           mgmt_gpio_in[4] (net)
                  0.00    0.00   60.00 v clkbuf_0_mgmt_gpio_in[4]/I (gf180mcu_fd_sc_mcu7t5v0__clkbuf_16)
                  0.15    0.25   60.25 v clkbuf_0_mgmt_gpio_in[4]/Z (gf180mcu_fd_sc_mcu7t5v0__clkbuf_16)
     4    0.09                           clknet_0_mgmt_gpio_in[4] (net)
                  0.15    0.00   60.25 v clkbuf_2_0__f_mgmt_gpio_in[4]/I (gf180mcu_fd_sc_mcu7t5v0__clkbuf_16)
                  0.10    0.25   60.49 v clkbuf_2_0__f_mgmt_gpio_in[4]/Z (gf180mcu_fd_sc_mcu7t5v0__clkbuf_16)
    10    0.04                           clknet_2_0__leaf_mgmt_gpio_in[4] (net)
                  0.10    0.00   60.49 v _7551_/CLKN (gf180mcu_fd_sc_mcu7t5v0__dffnrnq_1)
                         -0.10   60.39   clock uncertainty
                          0.00   60.39   clock reconvergence pessimism
                         -0.30   60.09   library setup time
                                 60.09   data required time
-----------------------------------------------------------------------------
                                 60.09   data required time
                                -20.99   data arrival time
-----------------------------------------------------------------------------
                                 39.10   slack (MET)


Startpoint: wb_clk_i (clock source 'wb_clk_i')
Endpoint: mgmt_gpio_out[14] (output port clocked by wb_clk_i)
Path Group: wb_clk_i
Path Type: max

Fanout     Cap    Slew   Delay    Time   Description
-----------------------------------------------------------------------------
                         15.00   15.00   clock wb_clk_i (fall edge)
                          0.00   15.00   clock source latency
                  0.00    0.00   15.00 v wb_clk_i (in)
     1    0.13                           wb_clk_i (net)
                  0.03    0.01   15.01 v clkbuf_0_wb_clk_i/I (gf180mcu_fd_sc_mcu7t5v0__clkbuf_16)
                  0.42    0.42   15.43 v clkbuf_0_wb_clk_i/Z (gf180mcu_fd_sc_mcu7t5v0__clkbuf_16)
     8    0.41                           clknet_0_wb_clk_i (net)
                  0.44    0.05   15.48 v clkbuf_3_7__f_wb_clk_i/I (gf180mcu_fd_sc_mcu7t5v0__clkbuf_16)
                  0.22    0.41   15.89 v clkbuf_3_7__f_wb_clk_i/Z (gf180mcu_fd_sc_mcu7t5v0__clkbuf_16)
     7    0.17                           clknet_3_7__leaf_wb_clk_i (net)
                  0.22    0.00   15.90 v _4411_/I1 (gf180mcu_fd_sc_mcu7t5v0__mux2_2)
                  0.44    0.64   16.54 v _4411_/Z (gf180mcu_fd_sc_mcu7t5v0__mux2_2)
     1    0.07                           net214 (net)
                  0.44    0.00   16.55 v output214/I (gf180mcu_fd_sc_mcu7t5v0__dlyd_1)
                  1.69    3.51   20.06 v output214/Z (gf180mcu_fd_sc_mcu7t5v0__dlyd_1)
     1    0.10                           mgmt_gpio_out[14] (net)
                  1.69    0.02   20.08 v mgmt_gpio_out[14] (out)
                                 20.08   data arrival time

                         30.00   30.00   clock wb_clk_i (rise edge)
                          0.00   30.00   clock network delay (propagated)
                         -0.10   29.90   clock uncertainty
                          0.00   29.90   clock reconvergence pessimism
                         -5.00   24.90   output external delay
                                 24.90   data required time
-----------------------------------------------------------------------------
                                 24.90   data required time
                                -20.08   data arrival time
-----------------------------------------------------------------------------
                                  4.82   slack (MET)


Startpoint: _7506_ (rising edge-triggered flip-flop clocked by wb_clk_i)
Endpoint: _7417_ (rising edge-triggered flip-flop clocked by wbbd_sck)
Path Group: wbbd_sck
Path Type: max

Fanout     Cap    Slew   Delay    Time   Description
-----------------------------------------------------------------------------
                         30.00   30.00   clock wb_clk_i (rise edge)
                          0.00   30.00   clock source latency
                  0.00    0.00   30.00 ^ wb_clk_i (in)
     1    0.13                           wb_clk_i (net)
                  0.03    0.01   30.01 ^ clkbuf_0_wb_clk_i/I (gf180mcu_fd_sc_mcu7t5v0__clkbuf_16)
                  0.43    0.42   30.43 ^ clkbuf_0_wb_clk_i/Z (gf180mcu_fd_sc_mcu7t5v0__clkbuf_16)
     8    0.41                           clknet_0_wb_clk_i (net)
                  0.45    0.04   30.47 ^ clkbuf_3_5__f_wb_clk_i/I (gf180mcu_fd_sc_mcu7t5v0__clkbuf_16)
                  0.19    0.36   30.84 ^ clkbuf_3_5__f_wb_clk_i/Z (gf180mcu_fd_sc_mcu7t5v0__clkbuf_16)
    15    0.13                           clknet_3_5__leaf_wb_clk_i (net)
                  0.19    0.01   30.85 ^ _7506_/CLK (gf180mcu_fd_sc_mcu7t5v0__dffrnq_4)
                  0.39    1.04   31.89 v _7506_/Q (gf180mcu_fd_sc_mcu7t5v0__dffrnq_4)
     9    0.14                           wbbd_busy (net)
                  0.39    0.01   31.89 v hold49/I (gf180mcu_fd_sc_mcu7t5v0__dlyd_4)
                  1.06    3.66   35.56 v hold49/Z (gf180mcu_fd_sc_mcu7t5v0__dlyd_4)
    15    0.29                           net412 (net)
                  1.06    0.01   35.57 v _3638_/I (gf180mcu_fd_sc_mcu7t5v0__clkinv_12)
                  0.63    0.55   36.12 ^ _3638_/ZN (gf180mcu_fd_sc_mcu7t5v0__clkinv_12)
    19    0.35                           _0698_ (net)
                  0.64    0.06   36.17 ^ _3805_/S (gf180mcu_fd_sc_mcu7t5v0__mux2_2)
                  0.14    0.43   36.60 v _3805_/Z (gf180mcu_fd_sc_mcu7t5v0__mux2_2)
     1    0.01                           _0814_ (net)
                  0.14    0.00   36.60 v hold37/I (gf180mcu_fd_sc_mcu7t5v0__dlyd_4)
                  0.62    3.14   39.74 v hold37/Z (gf180mcu_fd_sc_mcu7t5v0__dlyd_4)
     3    0.09                           net400 (net)
                  0.62    0.01   39.75 v _3814_/A2 (gf180mcu_fd_sc_mcu7t5v0__nand4_4)
                  1.18    0.80   40.55 ^ _3814_/ZN (gf180mcu_fd_sc_mcu7t5v0__nand4_4)
     4    0.15                           _0823_ (net)
                  1.18    0.00   40.55 ^ hold609/I (gf180mcu_fd_sc_mcu7t5v0__dlyd_4)
                  1.34    3.26   43.81 ^ hold609/Z (gf180mcu_fd_sc_mcu7t5v0__dlyd_4)
    16    0.32                           net972 (net)
                  1.34    0.00   43.81 ^ _3830_/A1 (gf180mcu_fd_sc_mcu7t5v0__or2_4)
                  0.67    0.54   44.35 ^ _3830_/Z (gf180mcu_fd_sc_mcu7t5v0__or2_4)
    18    0.16                           _0839_ (net)
                  0.67    0.01   44.36 ^ _4626_/A1 (gf180mcu_fd_sc_mcu7t5v0__nor2_1)
                  1.16    0.31   44.67 v _4626_/ZN (gf180mcu_fd_sc_mcu7t5v0__nor2_1)
     1    0.02                           _1487_ (net)
                  1.16    0.00   44.67 v hold568/I (gf180mcu_fd_sc_mcu7t5v0__dlyd_4)
                  0.39    3.26   47.93 v hold568/Z (gf180mcu_fd_sc_mcu7t5v0__dlyd_4)
     1    0.02                           net931 (net)
                  0.39    0.00   47.93 v _4627_/B (gf180mcu_fd_sc_mcu7t5v0__aoi21_1)
                  0.98    0.68   48.61 ^ _4627_/ZN (gf180mcu_fd_sc_mcu7t5v0__aoi21_1)
     1    0.03                           _1488_ (net)
                  0.98    0.00   48.61 ^ hold569/I (gf180mcu_fd_sc_mcu7t5v0__dlyd_4)
                  0.22    2.56   51.17 ^ hold569/Z (gf180mcu_fd_sc_mcu7t5v0__dlyd_4)
     1    0.02                           net932 (net)
                  0.22    0.00   51.17 ^ _4628_/A2 (gf180mcu_fd_sc_mcu7t5v0__aoi21_1)
                  0.98    0.35   51.52 v _4628_/ZN (gf180mcu_fd_sc_mcu7t5v0__aoi21_1)
     1    0.03                           _0142_ (net)
                  0.98    0.00   51.52 v hold570/I (gf180mcu_fd_sc_mcu7t5v0__dlyd_4)
                  0.62    3.43   54.95 v hold570/Z (gf180mcu_fd_sc_mcu7t5v0__dlyd_4)
     1    0.09                           net933 (net)
                  0.62    0.01   54.96 v _7417_/D (gf180mcu_fd_sc_mcu7t5v0__dffrnq_1)
                                 54.96   data arrival time

                         60.00   60.00   clock wbbd_sck (rise edge)
                          0.00   60.00   clock source latency
                  0.00    0.00   60.00 ^ wb_clk_i (in)
     1    0.13                           wb_clk_i (net)
                  0.03    0.01   60.01 ^ clkbuf_0_wb_clk_i/I (gf180mcu_fd_sc_mcu7t5v0__clkbuf_16)
                  0.43    0.42   60.43 ^ clkbuf_0_wb_clk_i/Z (gf180mcu_fd_sc_mcu7t5v0__clkbuf_16)
     8    0.41                           clknet_0_wb_clk_i (net)
                  0.45    0.04   60.47 ^ clkbuf_3_5__f_wb_clk_i/I (gf180mcu_fd_sc_mcu7t5v0__clkbuf_16)
                  0.19    0.36   60.84 ^ clkbuf_3_5__f_wb_clk_i/Z (gf180mcu_fd_sc_mcu7t5v0__clkbuf_16)
    15    0.13                           clknet_3_5__leaf_wb_clk_i (net)
                  0.19    0.01   60.85 ^ _7958_/CLK (gf180mcu_fd_sc_mcu7t5v0__dffrnq_1)
                  0.52    1.12   61.97 ^ _7958_/Q (gf180mcu_fd_sc_mcu7t5v0__dffrnq_1)
     1    0.03                           wbbd_sck (net)
                  0.52    0.00   61.97 ^ clkbuf_0_wbbd_sck/I (gf180mcu_fd_sc_mcu7t5v0__clkbuf_16)
                  0.13    0.33   62.30 ^ clkbuf_0_wbbd_sck/Z (gf180mcu_fd_sc_mcu7t5v0__clkbuf_16)
     2    0.05                           clknet_0_wbbd_sck (net)
                  0.13    0.00   62.30 ^ clkbuf_1_1__f_wbbd_sck/I (gf180mcu_fd_sc_mcu7t5v0__clkbuf_16)
                  0.07    0.22   62.51 ^ clkbuf_1_1__f_wbbd_sck/Z (gf180mcu_fd_sc_mcu7t5v0__clkbuf_16)
     1    0.00                           clknet_1_1__leaf_wbbd_sck (net)
                  0.07    0.00   62.51 ^ net299_2/I (gf180mcu_fd_sc_mcu7t5v0__clkinv_1)
                  0.21    0.16   62.67 v net299_2/ZN (gf180mcu_fd_sc_mcu7t5v0__clkinv_1)
     1    0.01                           net363 (net)
                  0.21    0.00   62.67 v _4416_/A2 (gf180mcu_fd_sc_mcu7t5v0__oai22_1)
                  2.76    1.66   64.33 ^ _4416_/ZN (gf180mcu_fd_sc_mcu7t5v0__oai22_1)
     1    0.09                           csclk (net)
                  2.76    0.01   64.34 ^ clkbuf_0_csclk/I (gf180mcu_fd_sc_mcu7t5v0__clkbuf_16)
                  0.49    0.74   65.08 ^ clkbuf_0_csclk/Z (gf180mcu_fd_sc_mcu7t5v0__clkbuf_16)
     8    0.42                           clknet_0_csclk (net)
                  0.49    0.02   65.10 ^ clkbuf_3_7__f_csclk/I (gf180mcu_fd_sc_mcu7t5v0__clkbuf_16)
                  0.48    0.54   65.64 ^ clkbuf_3_7__f_csclk/Z (gf180mcu_fd_sc_mcu7t5v0__clkbuf_16)
    15    0.45                           clknet_3_7__leaf_csclk (net)
                  0.48    0.03   65.67 ^ clkbuf_leaf_47_csclk/I (gf180mcu_fd_sc_mcu7t5v0__clkbuf_16)
                  0.17    0.35   66.02 ^ clkbuf_leaf_47_csclk/Z (gf180mcu_fd_sc_mcu7t5v0__clkbuf_16)
     4    0.11                           clknet_leaf_47_csclk (net)
                  0.17    0.01   66.03 ^ _7417_/CLK (gf180mcu_fd_sc_mcu7t5v0__dffrnq_1)
                         -0.10   65.93   clock uncertainty
                          0.00   65.93   clock reconvergence pessimism
                         -0.27   65.67   library setup time
                                 65.67   data required time
-----------------------------------------------------------------------------
                                 65.67   data required time
                                -54.96   data arrival time
-----------------------------------------------------------------------------
                                 10.71   slack (MET)



===========================================================================
report_checks --slack_max -0.01
============================================================================
No paths found.
