[INFO]: Run Directory: /home/hosni/GF180/caravel-gf180mcu/openlane/housekeeping/runs/RUN_2022.11.16_19.05.38
[INFO]: Storing configs into config.tcl ...
[INFO]: Preparing LEF files for the nom corner...
[INFO]: Extracting the number of available metal layers from /home/hosni/GF180/OpenLane/pdks/gf180mcuC/libs.ref/gf180mcu_fd_sc_mcu7t5v0/techlef/gf180mcu_fd_sc_mcu7t5v0.tlef...
[INFO]: The available metal layers (5) are Metal1 Metal2 Metal3 Metal4 Metal5.
[INFO]: Merging LEF Files...
[INFO]: Created merged LEF without pads at 'housekeeping/runs/RUN_2022.11.16_19.05.38/tmp/merged.nom.lef'...
[INFO]: Trimming liberty files {/home/hosni/GF180/caravel-gf180mcu/openlane/housekeeping/runs/RUN_2022.11.16_19.05.38/tmp/synthesis/merged.lib} into /home/hosni/GF180/caravel-gf180mcu/openlane/housekeeping/runs/RUN_2022.11.16_19.05.38/tmp/synthesis/trimmed.lib...
[INFO]: Generating cell exclude list...
[INFO]: Creating ::env(DONT_USE_CELLS)...
[INFO]: Created ::env(DONT_USE_CELLS): {gf180mcu_fd_sc_mcu7t5v0__mux2_1 gf180mcu_fd_sc_mcu7t5v0__oai33_2 gf180mcu_fd_sc_mcu7t5v0__sdffq_1 gf180mcu_fd_sc_mcu7t5v0__sdffq_2 gf180mcu_fd_sc_mcu7t5v0__sdffq_4 gf180mcu_fd_sc_mcu7t5v0__sdffrnq_1 gf180mcu_fd_sc_mcu7t5v0__sdffrnq_2 gf180mcu_fd_sc_mcu7t5v0__sdffrnq_4 gf180mcu_fd_sc_mcu7t5v0__sdffrsnq_1 gf180mcu_fd_sc_mcu7t5v0__sdffrsnq_2 gf180mcu_fd_sc_mcu7t5v0__sdffrsnq_4 gf180mcu_fd_sc_mcu7t5v0__sdffsnq_1 gf180mcu_fd_sc_mcu7t5v0__sdffsnq_2 gf180mcu_fd_sc_mcu7t5v0__sdffsnq_4  }
[INFO]: Trimming liberty files {/home/hosni/GF180/OpenLane/pdks/gf180mcuC/libs.ref/gf180mcu_fd_sc_mcu7t5v0/liberty/gf180mcu_fd_sc_mcu7t5v0__tt_025C_5v00.lib} into /home/hosni/GF180/caravel-gf180mcu/openlane/housekeeping/runs/RUN_2022.11.16_19.05.38/tmp/cts/cts.lib...
[INFO]: Generating cell exclude list...
[INFO]: Creating ::env(DONT_USE_CELLS)...
[INFO]: Created ::env(DONT_USE_CELLS): {gf180mcu_fd_sc_mcu7t5v0__mux2_1 gf180mcu_fd_sc_mcu7t5v0__oai33_2 }
[INFO]: Running Synthesis (log: housekeeping/runs/RUN_2022.11.16_19.05.38/logs/synthesis/1-synthesis.log)...
[INFO]: Executing yosys with Tcl script '../../../../../openlane/scripts/yosys/synth.tcl'...
[INFO]: Changing netlist to 'housekeeping/runs/RUN_2022.11.16_19.05.38/results/synthesis/housekeeping.v'...
[INFO]: Running Single-Corner Static Timing Analysis (log: housekeeping/runs/RUN_2022.11.16_19.05.38/logs/synthesis/2-sta.log)...
[INFO]: Executing openroad with Tcl script '../../../../../openlane/scripts/openroad/sta.tcl'...
[INFO]: Running Initial Floorplanning (log: housekeeping/runs/RUN_2022.11.16_19.05.38/logs/floorplan/3-initial_fp.log)...
[INFO]: Executing openroad with Tcl script '../../../../../openlane/scripts/openroad/floorplan.tcl'...
[INFO]: Changing layout to 'housekeeping/runs/RUN_2022.11.16_19.05.38/tmp/floorplan/3-initial_fp.def'...
[INFO]: Changing timing constraints to 'housekeeping/runs/RUN_2022.11.16_19.05.38/tmp/floorplan/3-initial_fp.sdc'...
[INFO]: Changing database to 'housekeeping/runs/RUN_2022.11.16_19.05.38/tmp/floorplan/3-initial_fp.odb'...
[INFO]: Executing openroad with Tcl script '../../../../../openlane/scripts/openroad/floorplan.tcl'...
[INFO]: Core area width: 456.4
[INFO]: Core area height: 717.36
[INFO]: Final Vertical PDN Offset: 16.32
[INFO]: Final Horizontal PDN Offset: 16.41
[INFO]: Final Vertical PDN Pitch: 76.8
[INFO]: Final Horizontal PDN Pitch: 78.2
[INFO]: Extracting core dimensions...
[INFO]: Floorplanned with width 456.4 and height 717.36.
[INFO]: Running IO Placement (log: housekeeping/runs/RUN_2022.11.16_19.05.38/logs/floorplan/4-place_io.log)...
[INFO]: Changing layout to 'housekeeping/runs/RUN_2022.11.16_19.05.38/tmp/floorplan/4-io.def'...
[INFO]: Changing database to 'housekeeping/runs/RUN_2022.11.16_19.05.38/tmp/floorplan/4-io.odb'...
[INFO]: Running Tap/Decap Insertion (log: housekeeping/runs/RUN_2022.11.16_19.05.38/logs/floorplan/5-tap.log)...
[INFO]: Executing openroad with Tcl script '../../../../../openlane/scripts/openroad/tapcell.tcl'...
[INFO]: Changing layout to 'housekeeping/runs/RUN_2022.11.16_19.05.38/results/floorplan/housekeeping.def'...
[INFO]: Changing database to 'housekeeping/runs/RUN_2022.11.16_19.05.38/results/floorplan/housekeeping.odb'...
[INFO]: Power planning with power {VDD} and ground {VSS}...
[INFO]: Generating PDN (log: housekeeping/runs/RUN_2022.11.16_19.05.38/logs/floorplan/6-pdn.log)...
[INFO]: Executing openroad with Tcl script '../../../../../openlane/scripts/openroad/pdn.tcl'...
[INFO]: Changing layout to 'housekeeping/runs/RUN_2022.11.16_19.05.38/tmp/floorplan/6-pdn.def'...
[INFO]: Changing database to 'housekeeping/runs/RUN_2022.11.16_19.05.38/tmp/floorplan/6-pdn.odb'...
[INFO]: Running Global Placement (log: housekeeping/runs/RUN_2022.11.16_19.05.38/logs/placement/7-global.log)...
[INFO]: Executing openroad with Tcl script '../../../../../openlane/scripts/openroad/gpl.tcl'...
[INFO]: Changing layout to 'housekeeping/runs/RUN_2022.11.16_19.05.38/tmp/placement/7-global.def'...
[INFO]: Changing database to 'housekeeping/runs/RUN_2022.11.16_19.05.38/tmp/placement/7-global.odb'...
[INFO]: Running Placement Resizer Design Optimizations (log: housekeeping/runs/RUN_2022.11.16_19.05.38/logs/placement/8-resizer.log)...
[INFO]: Executing openroad with Tcl script '../../../../../openlane/scripts/openroad/resizer.tcl'...
[INFO]: Changing layout to 'housekeeping/runs/RUN_2022.11.16_19.05.38/tmp/placement/8-resizer.def'...
[INFO]: Changing database to 'housekeeping/runs/RUN_2022.11.16_19.05.38/tmp/placement/8-resizer.odb'...
[INFO]: Changing timing constraints to 'housekeeping/runs/RUN_2022.11.16_19.05.38/tmp/placement/8-resizer.sdc'...
[INFO]: Changing netlist to 'housekeeping/runs/RUN_2022.11.16_19.05.38/tmp/placement/8-resizer.nl.v'...
[INFO]: Running Detailed Placement (log: housekeeping/runs/RUN_2022.11.16_19.05.38/logs/placement/9-detailed.log)...
[INFO]: Executing openroad with Tcl script '../../../../../openlane/scripts/openroad/dpl.tcl'...
[INFO]: Changing layout to 'housekeeping/runs/RUN_2022.11.16_19.05.38/results/placement/housekeeping.def'...
[INFO]: Changing database to 'housekeeping/runs/RUN_2022.11.16_19.05.38/results/placement/housekeeping.odb'...
[INFO]: Changing netlist to 'housekeeping/runs/RUN_2022.11.16_19.05.38/results/placement/housekeeping.nl.v'...
[INFO]: Running Clock Tree Synthesis (log: housekeeping/runs/RUN_2022.11.16_19.05.38/logs/cts/10-cts.log)...
[INFO]: Executing openroad with Tcl script '../../../../../openlane/scripts/openroad/cts.tcl'...
[INFO]: Changing layout to 'housekeeping/runs/RUN_2022.11.16_19.05.38/results/cts/housekeeping.def'...
[INFO]: Changing timing constraints to 'housekeeping/runs/RUN_2022.11.16_19.05.38/results/cts/housekeeping.sdc'...
[INFO]: Changing database to 'housekeeping/runs/RUN_2022.11.16_19.05.38/results/cts/housekeeping.odb'...
[INFO]: Running Placement Resizer Timing Optimizations (log: housekeeping/runs/RUN_2022.11.16_19.05.38/logs/cts/11-resizer.log)...
[INFO]: Executing openroad with Tcl script '../../../../../openlane/scripts/openroad/resizer_timing.tcl'...
[INFO]: Changing layout to 'housekeeping/runs/RUN_2022.11.16_19.05.38/tmp/cts/11-housekeeping.resized.def'...
[INFO]: Changing timing constraints to 'housekeeping/runs/RUN_2022.11.16_19.05.38/tmp/cts/11-housekeeping.resized.sdc'...
[INFO]: Changing database to 'housekeeping/runs/RUN_2022.11.16_19.05.38/tmp/cts/11-housekeeping.resized.odb'...
[INFO]: Changing netlist to 'housekeeping/runs/RUN_2022.11.16_19.05.38/tmp/cts/11-housekeeping.resized.nl.v'...
[INFO]: Starting routing process...
[INFO]: Running Global Routing Resizer Timing Optimizations (log: housekeeping/runs/RUN_2022.11.16_19.05.38/logs/routing/12-resizer.log)...
[INFO]: Executing openroad with Tcl script '../../../../../openlane/scripts/openroad/resizer_routing_timing.tcl'...
[INFO]: Changing layout to 'housekeeping/runs/RUN_2022.11.16_19.05.38/tmp/12-housekeeping.def'...
[INFO]: Changing timing constraints to 'housekeeping/runs/RUN_2022.11.16_19.05.38/tmp/12-housekeeping.sdc'...
[INFO]: Changing database to 'housekeeping/runs/RUN_2022.11.16_19.05.38/tmp/12-housekeeping.odb'...
[INFO]: Changing netlist to 'housekeeping/runs/RUN_2022.11.16_19.05.38/tmp/12-housekeeping.nl.v'...
[INFO]: Running Detailed Placement (log: housekeeping/runs/RUN_2022.11.16_19.05.38/logs/routing/13-diode_legalization.log)...
[INFO]: Executing openroad with Tcl script '../../../../../openlane/scripts/openroad/dpl.tcl'...
[INFO]: Changing layout to 'housekeeping/runs/RUN_2022.11.16_19.05.38/tmp/routing/diode.def'...
[INFO]: Changing database to 'housekeeping/runs/RUN_2022.11.16_19.05.38/tmp/routing/diode.odb'...
[INFO]: Changing netlist to 'housekeeping/runs/RUN_2022.11.16_19.05.38/tmp/routing/diode.nl.v'...
[INFO]: Running Global Routing (log: housekeeping/runs/RUN_2022.11.16_19.05.38/logs/routing/14-global.log)...
[INFO]: Executing openroad with Tcl script '../../../../../openlane/scripts/openroad/groute.tcl'...
[INFO]: Starting OpenROAD Antenna Repair Iterations...
[INFO]: Starting antenna repair iteration 1 with 32 violations...
[INFO]: Executing openroad with Tcl script '../../../../../openlane/scripts/openroad/groute.tcl'...
[INFO]: [Iteration 1] Failed to reduce antenna violations (32 -> 32), stopping iterations...
[INFO]: Changing layout to 'housekeeping/runs/RUN_2022.11.16_19.05.38/tmp/routing/14-global.def'...
[INFO]: Changing guide to 'housekeeping/runs/RUN_2022.11.16_19.05.38/tmp/routing/14-global.guide'...
[INFO]: Changing database to 'housekeeping/runs/RUN_2022.11.16_19.05.38/tmp/routing/14-global.odb'...
[INFO]: Writing Verilog (log: housekeeping/runs/RUN_2022.11.16_19.05.38/logs/routing/14-global_write_netlist.log)...
[INFO]: Executing openroad with Tcl script '../../../../../openlane/scripts/openroad/write_views.tcl'...
[INFO]: Changing netlist to 'housekeeping/runs/RUN_2022.11.16_19.05.38/tmp/routing/global.nl.v'...
[INFO]: Running Fill Insertion (log: housekeeping/runs/RUN_2022.11.16_19.05.38/logs/routing/16-fill.log)...
[INFO]: Executing openroad with Tcl script '../../../../../openlane/scripts/openroad/fill.tcl'...
[INFO]: Changing layout to 'housekeeping/runs/RUN_2022.11.16_19.05.38/tmp/routing/16-fill.def'...
[INFO]: Changing database to 'housekeeping/runs/RUN_2022.11.16_19.05.38/tmp/routing/16-fill.odb'...
[INFO]: Changing netlist to 'housekeeping/runs/RUN_2022.11.16_19.05.38/tmp/routing/16-fill.nl.v'...
[INFO]: Running Detailed Routing (log: housekeeping/runs/RUN_2022.11.16_19.05.38/logs/routing/17-detailed.log)...
[INFO]: Executing openroad with Tcl script '../../../../../openlane/scripts/openroad/droute.tcl'...
[INFO]: Changing layout to 'housekeeping/runs/RUN_2022.11.16_19.05.38/results/routing/housekeeping.def'...
[INFO]: Changing database to 'housekeeping/runs/RUN_2022.11.16_19.05.38/results/routing/housekeeping.odb'...
[INFO]: Changing netlist to 'housekeeping/runs/RUN_2022.11.16_19.05.38/results/routing/housekeeping.nl.v'...
[INFO]: No DRC violations after detailed routing.
[INFO]: Checking Wire Lengths (log: housekeeping/runs/RUN_2022.11.16_19.05.38/logs/routing/18-wire_lengths.log)...
[INFO]: Running SPEF Extraction at the nom process corner (log: housekeeping/runs/RUN_2022.11.16_19.05.38/logs/signoff/19-parasitics_extraction.nom.log)...
[INFO]: /home/hosni/GF180/caravel-gf180mcu/openlane/housekeeping/RCnom.rules existence verified.
[INFO]: /home/hosni/GF180/OpenLane/pdks/gf180mcuC/libs.ref/gf180mcu_fd_sc_mcu7t5v0/liberty/gf180mcu_fd_sc_mcu7t5v0__tt_025C_5v00.lib existence verified.
[INFO]: Executing openroad with Tcl script '../../../../../openlane/scripts/openroad/rcx.tcl'...
[INFO]: Running Multi-Corner Static Timing Analysis at the nom process corner (log: housekeeping/runs/RUN_2022.11.16_19.05.38/logs/signoff/20-rcx_mcsta.nom.log)...
[INFO]: Executing openroad with Tcl script '../../../../../openlane/scripts/openroad/sta_multi_corner.tcl'...
[INFO]: Running Single-Corner Static Timing Analysis at the nom process corner (log: housekeeping/runs/RUN_2022.11.16_19.05.38/logs/signoff/21-rcx_sta.log)...
[INFO]: Executing openroad with Tcl script '../../../../../openlane/scripts/openroad/sta.tcl'...
[INFO]: Running Magic to generate various views...
[INFO]: Streaming out GDSII with Magic (log: housekeeping/runs/RUN_2022.11.16_19.05.38/logs/signoff/22-gdsii.log)...
[INFO]: Executing magic with Tcl script '../../../../../openlane/scripts/magic/def/mag_gds.tcl'...
[INFO]: Generating MAGLEF views...
[INFO]: Executing magic with Tcl script '../../../../../openlane/scripts/magic/gds/mag_with_pointers.tcl'...
[INFO]: Executing magic with Tcl script '../../../../../openlane/scripts/magic/mag/lef.tcl'...
[INFO]: Executing magic with Tcl script '../../../../../openlane/scripts/magic/lef/maglef.tcl'...
[INFO]: Running Magic Spice Export from LEF (log: housekeeping/runs/RUN_2022.11.16_19.05.38/logs/signoff/23-spice.log)...
[INFO]: Executing magic with Tcl script '../../../../../openlane/scripts/magic/extract_spice.tcl'...
[INFO]: Starting LVS process...
[INFO]: Writing Powered Verilog (logs: housekeeping/runs/RUN_2022.11.16_19.05.38/logs/signoff/24-write_powered_def.log, housekeeping/runs/RUN_2022.11.16_19.05.38/logs/signoff/24-write_powered_verilog.log)...
[INFO]: Writing Verilog (log: housekeeping/runs/RUN_2022.11.16_19.05.38/logs/signoff/24-write_powered_verilog.log)...
[INFO]: Executing openroad with Tcl script '../../../../../openlane/scripts/openroad/write_views.tcl'...
[INFO]: Changing netlist to 'housekeeping/runs/RUN_2022.11.16_19.05.38/tmp/signoff/23-housekeeping.nl.v'...
[INFO]: Running LVS (log: housekeeping/runs/RUN_2022.11.16_19.05.38/logs/signoff/26-lvs.lef.log)...
[INFO]: /home/hosni/GF180/caravel-gf180mcu/openlane/housekeeping/runs/RUN_2022.11.16_19.05.38/results/signoff/housekeeping.spice against /home/hosni/GF180/caravel-gf180mcu/openlane/housekeeping/runs/RUN_2022.11.16_19.05.38/tmp/signoff/23-housekeeping.pnl.v
[INFO]: Running Magic DRC (log: housekeeping/runs/RUN_2022.11.16_19.05.38/logs/signoff/27-drc.log)...
[INFO]: Executing magic with Tcl script '../../../../../openlane/scripts/magic/drc.tcl'...
[INFO]: Converting Magic DRC database to various tool-readable formats...
[INFO]: No DRC violations after GDS streaming out.
[INFO]: Running OpenROAD Antenna Rule Checker (log: housekeeping/runs/RUN_2022.11.16_19.05.38/logs/signoff/28-antenna.log)...
[INFO]: Executing openroad with Tcl script '../../../../../openlane/scripts/openroad/antenna_check.tcl'...
[WARNING]: This PDK does not support the Circuit Validity Checker, skipping...
[INFO]: Saving current set of views in 'housekeeping/runs/RUN_2022.11.16_19.05.38/results/final'...
[INFO]: Saving current set of views in '..'...
[INFO]: Calculating runtime...
[INFO]: Saving runtime environment...
[INFO]: Generating final set of reports...
[INFO]: Created manufacturability report at 'housekeeping/runs/RUN_2022.11.16_19.05.38/reports/manufacturability.rpt'.
[INFO]: Created metrics report at 'housekeeping/runs/RUN_2022.11.16_19.05.38/reports/metrics.csv'.
[WARNING]: There are max slew violations in the design at the typical corner. Please refer to 'housekeeping/runs/RUN_2022.11.16_19.05.38/reports/signoff/21-rcx_sta.slew.rpt'.
[WARNING]: There are max capacitance violations in the design at the typical corner. Please refer to 'housekeeping/runs/RUN_2022.11.16_19.05.38/reports/signoff/21-rcx_sta.slew.rpt'.
[INFO]: There are no hold violations in the design at the typical corner.
[INFO]: There are no setup violations in the design at the typical corner.
[SUCCESS]: Flow complete.
[INFO]: Note that the following warnings have been generated:
