
===========================================================================
report_checks -unconstrained
============================================================================
Startpoint: mgmt_gpio_in[16] (input port clocked by __VIRTUAL_CLK__)
Endpoint: mgmt_gpio_in_buf[16] (output port clocked by __VIRTUAL_CLK__)
Path Group: __VIRTUAL_CLK__
Path Type: max

Fanout     Cap    Slew   Delay    Time   Description
-----------------------------------------------------------------------------
                  0.00    0.00    0.00   clock __VIRTUAL_CLK__ (rise edge)
                          0.00    0.00   clock network delay (ideal)
                          1.60    1.60 ^ input external delay
                  0.58    0.32    1.92 ^ mgmt_gpio_in[16] (in)
     2    0.02                           mgmt_gpio_in[16] (net)
                  0.58    0.00    1.92 ^ BUF[36]/I (gf180mcu_fd_sc_mcu7t5v0__clkbuf_8)
                  0.29    0.53    2.45 ^ BUF[36]/Z (gf180mcu_fd_sc_mcu7t5v0__clkbuf_8)
     1    0.07                           mgmt_gpio_in_buf[16] (net)
                  0.29    0.00    2.45 ^ mgmt_gpio_in_buf[16] (out)
                                  2.45   data arrival time

                  0.00    8.00    8.00   clock __VIRTUAL_CLK__ (rise edge)
                          0.00    8.00   clock network delay (ideal)
                         -0.25    7.75   clock uncertainty
                          0.00    7.75   clock reconvergence pessimism
                         -1.60    6.15   output external delay
                                  6.15   data required time
-----------------------------------------------------------------------------
                                  6.15   data required time
                                 -2.45   data arrival time
-----------------------------------------------------------------------------
                                  3.70   slack (MET)



===========================================================================
report_checks --slack_max -0.01
============================================================================
No paths found.
