
===========================================================================
report_checks -path_delay min (Hold)
============================================================================
Startpoint: mgmt_gpio_oeb[0] (input port clocked by __VIRTUAL_CLK__)
Endpoint: mgmt_gpio_oeb_buf[0] (output port clocked by __VIRTUAL_CLK__)
Path Group: __VIRTUAL_CLK__
Path Type: min

Fanout     Cap    Slew   Delay    Time   Description
-----------------------------------------------------------------------------
                  0.00    0.00    0.00   clock __VIRTUAL_CLK__ (rise edge)
                          0.00    0.00   clock network delay (ideal)
                          1.60    1.60 v input external delay
                  0.19    0.09    1.69 v mgmt_gpio_oeb[0] (in)
     2    0.01                           mgmt_gpio_oeb[0] (net)
                  0.19    0.00    1.69 v BUF[18]/I (gf180mcu_fd_sc_mcu7t5v0__clkbuf_8)
                  0.29    0.45    2.14 v BUF[18]/Z (gf180mcu_fd_sc_mcu7t5v0__clkbuf_8)
     1    0.07                           mgmt_gpio_oeb_buf[0] (net)
                  0.29    0.00    2.14 v mgmt_gpio_oeb_buf[0] (out)
                                  2.14   data arrival time

                  0.00    0.00    0.00   clock __VIRTUAL_CLK__ (rise edge)
                          0.00    0.00   clock network delay (ideal)
                          0.25    0.25   clock uncertainty
                          0.00    0.25   clock reconvergence pessimism
                         -1.60   -1.35   output external delay
                                 -1.35   data required time
-----------------------------------------------------------------------------
                                 -1.35   data required time
                                 -2.14   data arrival time
-----------------------------------------------------------------------------
                                  3.49   slack (MET)


Startpoint: mgmt_gpio_in[1] (input port clocked by __VIRTUAL_CLK__)
Endpoint: mgmt_gpio_in_buf[1] (output port clocked by __VIRTUAL_CLK__)
Path Group: __VIRTUAL_CLK__
Path Type: min

Fanout     Cap    Slew   Delay    Time   Description
-----------------------------------------------------------------------------
                  0.00    0.00    0.00   clock __VIRTUAL_CLK__ (rise edge)
                          0.00    0.00   clock network delay (ideal)
                          1.60    1.60 v input external delay
                  0.19    0.09    1.69 v mgmt_gpio_in[1] (in)
     2    0.01                           mgmt_gpio_in[1] (net)
                  0.19    0.00    1.69 v BUF[21]/I (gf180mcu_fd_sc_mcu7t5v0__clkbuf_8)
                  0.29    0.45    2.14 v BUF[21]/Z (gf180mcu_fd_sc_mcu7t5v0__clkbuf_8)
     1    0.07                           mgmt_gpio_in_buf[1] (net)
                  0.29    0.00    2.14 v mgmt_gpio_in_buf[1] (out)
                                  2.14   data arrival time

                  0.00    0.00    0.00   clock __VIRTUAL_CLK__ (rise edge)
                          0.00    0.00   clock network delay (ideal)
                          0.25    0.25   clock uncertainty
                          0.00    0.25   clock reconvergence pessimism
                         -1.60   -1.35   output external delay
                                 -1.35   data required time
-----------------------------------------------------------------------------
                                 -1.35   data required time
                                 -2.14   data arrival time
-----------------------------------------------------------------------------
                                  3.49   slack (MET)


Startpoint: mgmt_gpio_in[0] (input port clocked by __VIRTUAL_CLK__)
Endpoint: mgmt_gpio_in_buf[0] (output port clocked by __VIRTUAL_CLK__)
Path Group: __VIRTUAL_CLK__
Path Type: min

Fanout     Cap    Slew   Delay    Time   Description
-----------------------------------------------------------------------------
                  0.00    0.00    0.00   clock __VIRTUAL_CLK__ (rise edge)
                          0.00    0.00   clock network delay (ideal)
                          1.60    1.60 v input external delay
                  0.20    0.10    1.70 v mgmt_gpio_in[0] (in)
     2    0.01                           mgmt_gpio_in[0] (net)
                  0.20    0.00    1.70 v BUF[20]/I (gf180mcu_fd_sc_mcu7t5v0__clkbuf_8)
                  0.28    0.45    2.14 v BUF[20]/Z (gf180mcu_fd_sc_mcu7t5v0__clkbuf_8)
     1    0.07                           mgmt_gpio_in_buf[0] (net)
                  0.28    0.00    2.14 v mgmt_gpio_in_buf[0] (out)
                                  2.14   data arrival time

                  0.00    0.00    0.00   clock __VIRTUAL_CLK__ (rise edge)
                          0.00    0.00   clock network delay (ideal)
                          0.25    0.25   clock uncertainty
                          0.00    0.25   clock reconvergence pessimism
                         -1.60   -1.35   output external delay
                                 -1.35   data required time
-----------------------------------------------------------------------------
                                 -1.35   data required time
                                 -2.14   data arrival time
-----------------------------------------------------------------------------
                                  3.49   slack (MET)


Startpoint: mgmt_gpio_out[14] (input port clocked by __VIRTUAL_CLK__)
Endpoint: mgmt_gpio_out_buf[14] (output port clocked by __VIRTUAL_CLK__)
Path Group: __VIRTUAL_CLK__
Path Type: min

Fanout     Cap    Slew   Delay    Time   Description
-----------------------------------------------------------------------------
                  0.00    0.00    0.00   clock __VIRTUAL_CLK__ (rise edge)
                          0.00    0.00   clock network delay (ideal)
                          1.60    1.60 v input external delay
                  0.19    0.09    1.69 v mgmt_gpio_out[14] (in)
     2    0.01                           mgmt_gpio_out[14] (net)
                  0.19    0.00    1.69 v BUF[14]/I (gf180mcu_fd_sc_mcu7t5v0__clkbuf_8)
                  0.29    0.45    2.14 v BUF[14]/Z (gf180mcu_fd_sc_mcu7t5v0__clkbuf_8)
     1    0.07                           mgmt_gpio_out_buf[14] (net)
                  0.29    0.00    2.15 v mgmt_gpio_out_buf[14] (out)
                                  2.15   data arrival time

                  0.00    0.00    0.00   clock __VIRTUAL_CLK__ (rise edge)
                          0.00    0.00   clock network delay (ideal)
                          0.25    0.25   clock uncertainty
                          0.00    0.25   clock reconvergence pessimism
                         -1.60   -1.35   output external delay
                                 -1.35   data required time
-----------------------------------------------------------------------------
                                 -1.35   data required time
                                 -2.15   data arrival time
-----------------------------------------------------------------------------
                                  3.50   slack (MET)


Startpoint: mgmt_gpio_in[11] (input port clocked by __VIRTUAL_CLK__)
Endpoint: mgmt_gpio_in_buf[11] (output port clocked by __VIRTUAL_CLK__)
Path Group: __VIRTUAL_CLK__
Path Type: min

Fanout     Cap    Slew   Delay    Time   Description
-----------------------------------------------------------------------------
                  0.00    0.00    0.00   clock __VIRTUAL_CLK__ (rise edge)
                          0.00    0.00   clock network delay (ideal)
                          1.60    1.60 v input external delay
                  0.20    0.10    1.70 v mgmt_gpio_in[11] (in)
     2    0.01                           mgmt_gpio_in[11] (net)
                  0.20    0.00    1.70 v BUF[31]/I (gf180mcu_fd_sc_mcu7t5v0__clkbuf_8)
                  0.28    0.45    2.15 v BUF[31]/Z (gf180mcu_fd_sc_mcu7t5v0__clkbuf_8)
     1    0.07                           mgmt_gpio_in_buf[11] (net)
                  0.28    0.00    2.15 v mgmt_gpio_in_buf[11] (out)
                                  2.15   data arrival time

                  0.00    0.00    0.00   clock __VIRTUAL_CLK__ (rise edge)
                          0.00    0.00   clock network delay (ideal)
                          0.25    0.25   clock uncertainty
                          0.00    0.25   clock reconvergence pessimism
                         -1.60   -1.35   output external delay
                                 -1.35   data required time
-----------------------------------------------------------------------------
                                 -1.35   data required time
                                 -2.15   data arrival time
-----------------------------------------------------------------------------
                                  3.50   slack (MET)


