
===========================================================================
report_checks -path_delay max (Setup)
============================================================================
Startpoint: mgmt_gpio_in[16] (input port clocked by __VIRTUAL_CLK__)
Endpoint: mgmt_gpio_in_buf[16] (output port clocked by __VIRTUAL_CLK__)
Path Group: __VIRTUAL_CLK__
Path Type: max

Fanout     Cap    Slew   Delay    Time   Description
-----------------------------------------------------------------------------
                  0.00    0.00    0.00   clock __VIRTUAL_CLK__ (rise edge)
                          0.00    0.00   clock network delay (ideal)
                          1.60    1.60 ^ input external delay
                  0.58    0.32    1.92 ^ mgmt_gpio_in[16] (in)
     2    0.02                           mgmt_gpio_in[16] (net)
                  0.58    0.00    1.92 ^ BUF[36]/I (gf180mcu_fd_sc_mcu7t5v0__clkbuf_8)
                  0.29    0.53    2.45 ^ BUF[36]/Z (gf180mcu_fd_sc_mcu7t5v0__clkbuf_8)
     1    0.07                           mgmt_gpio_in_buf[16] (net)
                  0.29    0.00    2.45 ^ mgmt_gpio_in_buf[16] (out)
                                  2.45   data arrival time

                  0.00    8.00    8.00   clock __VIRTUAL_CLK__ (rise edge)
                          0.00    8.00   clock network delay (ideal)
                         -0.25    7.75   clock uncertainty
                          0.00    7.75   clock reconvergence pessimism
                         -1.60    6.15   output external delay
                                  6.15   data required time
-----------------------------------------------------------------------------
                                  6.15   data required time
                                 -2.45   data arrival time
-----------------------------------------------------------------------------
                                  3.70   slack (MET)


Startpoint: mgmt_gpio_in[5] (input port clocked by __VIRTUAL_CLK__)
Endpoint: mgmt_gpio_in_buf[5] (output port clocked by __VIRTUAL_CLK__)
Path Group: __VIRTUAL_CLK__
Path Type: max

Fanout     Cap    Slew   Delay    Time   Description
-----------------------------------------------------------------------------
                  0.00    0.00    0.00   clock __VIRTUAL_CLK__ (rise edge)
                          0.00    0.00   clock network delay (ideal)
                          1.60    1.60 ^ input external delay
                  0.57    0.31    1.91 ^ mgmt_gpio_in[5] (in)
     2    0.02                           mgmt_gpio_in[5] (net)
                  0.57    0.00    1.91 ^ BUF[25]/I (gf180mcu_fd_sc_mcu7t5v0__clkbuf_8)
                  0.29    0.53    2.45 ^ BUF[25]/Z (gf180mcu_fd_sc_mcu7t5v0__clkbuf_8)
     1    0.07                           mgmt_gpio_in_buf[5] (net)
                  0.29    0.00    2.45 ^ mgmt_gpio_in_buf[5] (out)
                                  2.45   data arrival time

                  0.00    8.00    8.00   clock __VIRTUAL_CLK__ (rise edge)
                          0.00    8.00   clock network delay (ideal)
                         -0.25    7.75   clock uncertainty
                          0.00    7.75   clock reconvergence pessimism
                         -1.60    6.15   output external delay
                                  6.15   data required time
-----------------------------------------------------------------------------
                                  6.15   data required time
                                 -2.45   data arrival time
-----------------------------------------------------------------------------
                                  3.70   slack (MET)


Startpoint: mgmt_gpio_in[4] (input port clocked by __VIRTUAL_CLK__)
Endpoint: mgmt_gpio_in_buf[4] (output port clocked by __VIRTUAL_CLK__)
Path Group: __VIRTUAL_CLK__
Path Type: max

Fanout     Cap    Slew   Delay    Time   Description
-----------------------------------------------------------------------------
                  0.00    0.00    0.00   clock __VIRTUAL_CLK__ (rise edge)
                          0.00    0.00   clock network delay (ideal)
                          1.60    1.60 ^ input external delay
                  0.56    0.31    1.91 ^ mgmt_gpio_in[4] (in)
     2    0.02                           mgmt_gpio_in[4] (net)
                  0.56    0.00    1.91 ^ BUF[24]/I (gf180mcu_fd_sc_mcu7t5v0__clkbuf_8)
                  0.29    0.53    2.44 ^ BUF[24]/Z (gf180mcu_fd_sc_mcu7t5v0__clkbuf_8)
     1    0.07                           mgmt_gpio_in_buf[4] (net)
                  0.29    0.00    2.44 ^ mgmt_gpio_in_buf[4] (out)
                                  2.44   data arrival time

                  0.00    8.00    8.00   clock __VIRTUAL_CLK__ (rise edge)
                          0.00    8.00   clock network delay (ideal)
                         -0.25    7.75   clock uncertainty
                          0.00    7.75   clock reconvergence pessimism
                         -1.60    6.15   output external delay
                                  6.15   data required time
-----------------------------------------------------------------------------
                                  6.15   data required time
                                 -2.44   data arrival time
-----------------------------------------------------------------------------
                                  3.71   slack (MET)


Startpoint: mgmt_gpio_out[0] (input port clocked by __VIRTUAL_CLK__)
Endpoint: mgmt_gpio_out_buf[0] (output port clocked by __VIRTUAL_CLK__)
Path Group: __VIRTUAL_CLK__
Path Type: max

Fanout     Cap    Slew   Delay    Time   Description
-----------------------------------------------------------------------------
                  0.00    0.00    0.00   clock __VIRTUAL_CLK__ (rise edge)
                          0.00    0.00   clock network delay (ideal)
                          1.60    1.60 ^ input external delay
                  0.56    0.31    1.91 ^ mgmt_gpio_out[0] (in)
     2    0.02                           mgmt_gpio_out[0] (net)
                  0.56    0.00    1.91 ^ BUF[0]/I (gf180mcu_fd_sc_mcu7t5v0__clkbuf_8)
                  0.29    0.53    2.44 ^ BUF[0]/Z (gf180mcu_fd_sc_mcu7t5v0__clkbuf_8)
     1    0.07                           mgmt_gpio_out_buf[0] (net)
                  0.29    0.00    2.44 ^ mgmt_gpio_out_buf[0] (out)
                                  2.44   data arrival time

                  0.00    8.00    8.00   clock __VIRTUAL_CLK__ (rise edge)
                          0.00    8.00   clock network delay (ideal)
                         -0.25    7.75   clock uncertainty
                          0.00    7.75   clock reconvergence pessimism
                         -1.60    6.15   output external delay
                                  6.15   data required time
-----------------------------------------------------------------------------
                                  6.15   data required time
                                 -2.44   data arrival time
-----------------------------------------------------------------------------
                                  3.71   slack (MET)


Startpoint: mgmt_gpio_out[11] (input port clocked by __VIRTUAL_CLK__)
Endpoint: mgmt_gpio_out_buf[11] (output port clocked by __VIRTUAL_CLK__)
Path Group: __VIRTUAL_CLK__
Path Type: max

Fanout     Cap    Slew   Delay    Time   Description
-----------------------------------------------------------------------------
                  0.00    0.00    0.00   clock __VIRTUAL_CLK__ (rise edge)
                          0.00    0.00   clock network delay (ideal)
                          1.60    1.60 ^ input external delay
                  0.55    0.30    1.90 ^ mgmt_gpio_out[11] (in)
     2    0.02                           mgmt_gpio_out[11] (net)
                  0.55    0.00    1.90 ^ BUF[11]/I (gf180mcu_fd_sc_mcu7t5v0__clkbuf_8)
                  0.29    0.53    2.43 ^ BUF[11]/Z (gf180mcu_fd_sc_mcu7t5v0__clkbuf_8)
     1    0.07                           mgmt_gpio_out_buf[11] (net)
                  0.29    0.00    2.43 ^ mgmt_gpio_out_buf[11] (out)
                                  2.43   data arrival time

                  0.00    8.00    8.00   clock __VIRTUAL_CLK__ (rise edge)
                          0.00    8.00   clock network delay (ideal)
                         -0.25    7.75   clock uncertainty
                          0.00    7.75   clock reconvergence pessimism
                         -1.60    6.15   output external delay
                                  6.15   data required time
-----------------------------------------------------------------------------
                                  6.15   data required time
                                 -2.43   data arrival time
-----------------------------------------------------------------------------
                                  3.72   slack (MET)


